[    0.000000] Initializing cgroup subsys cpuset
[    0.000000] Initializing cgroup subsys cpu
[    0.000000] Initializing cgroup subsys cpuacct
[    0.000000] Linux version 4.4.0-210-generic (buildd@lgw01-amd64-009) (gcc version 5.4.0 20160609 (Ubuntu 5.4.0-6ubuntu1~16.04.12) ) #242-Ubuntu SMP Fri Apr 16 09:57:56 UTC 2021 (Ubuntu 4.4.0-210.242-generic 4.4.262)
[    0.000000] Command line: BOOT_IMAGE=/boot/vmlinuz-4.4.0-210-generic root=LABEL=cloudimg-rootfs ro console=tty1 console=ttyS0
[    0.000000] KERNEL supported cpus:
[    0.000000]   Intel GenuineIntel
[    0.000000]   AMD AuthenticAMD
[    0.000000]   Centaur CentaurHauls
[    0.000000] [Firmware Bug]: TSC doesn't count with P0 frequency!
[    0.000000] x86/fpu: xstate_offset[2]:  576, xstate_sizes[2]:  256
[    0.000000] x86/fpu: Supporting XSAVE feature 0x01: 'x87 floating point registers'
[    0.000000] x86/fpu: Supporting XSAVE feature 0x02: 'SSE registers'
[    0.000000] x86/fpu: Supporting XSAVE feature 0x04: 'AVX registers'
[    0.000000] x86/fpu: Enabled xstate features 0x7, context size is 832 bytes, using 'standard' format.
[    0.000000] e820: BIOS-provided physical RAM map:
[    0.000000] BIOS-e820: [mem 0x0000000000000000-0x000000000009fbff] usable
[    0.000000] BIOS-e820: [mem 0x000000000009fc00-0x000000000009ffff] reserved
[    0.000000] BIOS-e820: [mem 0x00000000000f0000-0x00000000000fffff] reserved
[    0.000000] BIOS-e820: [mem 0x0000000000100000-0x000000003ffeffff] usable
[    0.000000] BIOS-e820: [mem 0x000000003fff0000-0x000000003fffffff] ACPI data
[    0.000000] BIOS-e820: [mem 0x00000000fec00000-0x00000000fec00fff] reserved
[    0.000000] BIOS-e820: [mem 0x00000000fee00000-0x00000000fee00fff] reserved
[    0.000000] BIOS-e820: [mem 0x00000000fffc0000-0x00000000ffffffff] reserved
[    0.000000] NX (Execute Disable) protection: active
[    0.000000] SMBIOS 2.5 present.
[    0.000000] Hypervisor detected: KVM
[    0.000000] Kernel/User page tables isolation: disabled
[    0.000000] e820: last_pfn = 0x3fff0 max_arch_pfn = 0x400000000
[    0.000000] MTRR: Disabled
[    0.000000] x86/PAT: MTRRs disabled, skipping PAT initialization too.
[    0.000000] CPU MTRRs all blank - virtualized system.
[    0.000000] x86/PAT: Configuration [0-7]: WB  WT  UC- UC  WB  WT  UC- UC  
[    0.000000] found SMP MP-table at [mem 0x0009fff0-0x0009ffff] mapped at [ffff88000009fff0]
[    0.000000] Scanning 1 areas for low memory corruption
[    0.000000] RAMDISK: [mem 0x362dc000-0x37165fff]
[    0.000000] ACPI: Early table checksum verification disabled
[    0.000000] ACPI: RSDP 0x00000000000E0000 000024 (v02 VBOX  )
[    0.000000] ACPI: XSDT 0x000000003FFF0030 00003C (v01 VBOX   VBOXXSDT 00000001 ASL  00000061)
[    0.000000] ACPI: FACP 0x000000003FFF00F0 0000F4 (v04 VBOX   VBOXFACP 00000001 ASL  00000061)
[    0.000000] ACPI: DSDT 0x000000003FFF0470 002325 (v02 VBOX   VBOXBIOS 00000002 INTL 20100528)
[    0.000000] ACPI: FACS 0x000000003FFF0200 000040
[    0.000000] ACPI: FACS 0x000000003FFF0200 000040
[    0.000000] ACPI: APIC 0x000000003FFF0240 000054 (v02 VBOX   VBOXAPIC 00000001 ASL  00000061)
[    0.000000] ACPI: SSDT 0x000000003FFF02A0 0001CC (v01 VBOX   VBOXCPUT 00000002 INTL 20100528)
[    0.000000] No NUMA configuration found
[    0.000000] Faking a node at [mem 0x0000000000000000-0x000000003ffeffff]
[    0.000000] NODE_DATA(0) allocated [mem 0x3ffeb000-0x3ffeffff]
[    0.000000] kvm-clock: Using msrs 4b564d01 and 4b564d00
[    0.000000] kvm-clock: cpu 0, msr 0:3ffe3001, primary cpu clock
[    0.000000] kvm-clock: using sched offset of 3160585299 cycles
[    0.000000] clocksource: kvm-clock: mask: 0xffffffffffffffff max_cycles: 0x1cd42e4dffb, max_idle_ns: 881590591483 ns
[    0.000000] Zone ranges:
[    0.000000]   DMA      [mem 0x0000000000001000-0x0000000000ffffff]
[    0.000000]   DMA32    [mem 0x0000000001000000-0x000000003ffeffff]
[    0.000000]   Normal   empty
[    0.000000]   Device   empty
[    0.000000] Movable zone start for each node
[    0.000000] Early memory node ranges
[    0.000000]   node   0: [mem 0x0000000000001000-0x000000000009efff]
[    0.000000]   node   0: [mem 0x0000000000100000-0x000000003ffeffff]
[    0.000000] Initmem setup node 0 [mem 0x0000000000001000-0x000000003ffeffff]
[    0.000000] ACPI: PM-Timer IO Port: 0x4008
[    0.000000] IOAPIC[0]: apic_id 1, version 32, address 0xfec00000, GSI 0-23
[    0.000000] ACPI: INT_SRC_OVR (bus 0 bus_irq 0 global_irq 2 dfl dfl)
[    0.000000] ACPI: INT_SRC_OVR (bus 0 bus_irq 9 global_irq 9 low level)
[    0.000000] Using ACPI (MADT) for SMP configuration information
[    0.000000] smpboot: Allowing 1 CPUs, 0 hotplug CPUs
[    0.000000] PM: Registered nosave memory: [mem 0x00000000-0x00000fff]
[    0.000000] PM: Registered nosave memory: [mem 0x0009f000-0x0009ffff]
[    0.000000] PM: Registered nosave memory: [mem 0x000a0000-0x000effff]
[    0.000000] PM: Registered nosave memory: [mem 0x000f0000-0x000fffff]
[    0.000000] e820: [mem 0x40000000-0xfebfffff] available for PCI devices
[    0.000000] Booting paravirtualized kernel on KVM
[    0.000000] clocksource: refined-jiffies: mask: 0xffffffff max_cycles: 0xffffffff, max_idle_ns: 7645519600211568 ns
[    0.000000] setup_percpu: NR_CPUS:512 nr_cpumask_bits:512 nr_cpu_ids:1 nr_node_ids:1
[    0.000000] PERCPU: Embedded 33 pages/cpu @ffff88003fc00000 s95192 r8192 d31784 u2097152
[    0.000000] Built 1 zonelists in Node order, mobility grouping on.  Total pages: 257912
[    0.000000] Policy zone: DMA32
[    0.000000] Kernel command line: BOOT_IMAGE=/boot/vmlinuz-4.4.0-210-generic root=LABEL=cloudimg-rootfs ro console=tty1 console=ttyS0
[    0.000000] PID hash table entries: 4096 (order: 3, 32768 bytes)
[    0.000000] Memory: 997924K/1048120K available (8644K kernel code, 1332K rwdata, 4044K rodata, 1492K init, 1164K bss, 50196K reserved, 0K cma-reserved)
[    0.000000] SLUB: HWalign=64, Order=0-3, MinObjects=0, CPUs=1, Nodes=1
[    0.000000] Hierarchical RCU implementation.
[    0.000000] 	Build-time adjustment of leaf fanout to 64.
[    0.000000] 	RCU restricting CPUs from NR_CPUS=512 to nr_cpu_ids=1.
[    0.000000] RCU: Adjusting geometry for rcu_fanout_leaf=64, nr_cpu_ids=1
[    0.000000] NR_IRQS:33024 nr_irqs:256 16
[    0.000000] Console: colour VGA+ 80x25
[    0.000000] console [tty1] enabled
[    0.000000] console [ttyS0] enabled
[    0.000000] tsc: Detected 2096.064 MHz processor
[    0.118453] Calibrating delay loop (skipped) preset value.. 4192.12 BogoMIPS (lpj=8384256)
[    0.119755] pid_max: default: 32768 minimum: 301
[    0.120503] ACPI: Core revision 20150930
[    0.122067] ACPI: 2 ACPI AML tables successfully acquired and loaded
[    0.123121] Security Framework initialized
[    0.123798] Yama: becoming mindful.
[    0.124384] AppArmor: AppArmor initialized
[    0.125076] Dentry cache hash table entries: 131072 (order: 8, 1048576 bytes)
[    0.126351] Inode-cache hash table entries: 65536 (order: 7, 524288 bytes)
[    0.128532] Mount-cache hash table entries: 2048 (order: 2, 16384 bytes)
[    0.129516] Mountpoint-cache hash table entries: 2048 (order: 2, 16384 bytes)
[    0.131042] Initializing cgroup subsys io
[    0.131721] Initializing cgroup subsys memory
[    0.132419] Initializing cgroup subsys devices
[    0.133123] Initializing cgroup subsys freezer
[    0.133827] Initializing cgroup subsys net_cls
[    0.134692] Initializing cgroup subsys perf_event
[    0.135426] Initializing cgroup subsys net_prio
[    0.136136] Initializing cgroup subsys hugetlb
[    0.136857] Initializing cgroup subsys pids
[    0.137689] CPU0: Hyper-Threading is disabled
[    0.164359] mce: CPU supports 0 MCE banks
[    0.165114] Last level iTLB entries: 4KB 1024, 2MB 1024, 4MB 512
[    0.166183] Last level dTLB entries: 4KB 1536, 2MB 1536, 4MB 768, 1GB 0
[    0.167246] Spectre V1 : Mitigation: usercopy/swapgs barriers and __user pointer sanitization
[    0.168604] Spectre V2 : Spectre mitigation: LFENCE not serializing, switching to generic retpoline
[    0.170044] Spectre V2 : Mitigation: Full generic retpoline
[    0.171245] Spectre V2 : Spectre v2 / SpectreRSB mitigation: Filling RSB on context switch
[    0.187451] Freeing SMP alternatives memory: 36K
[    0.194368] ftrace: allocating 32380 entries in 127 pages
[    0.258265] smpboot: APIC(0) Converting physical 0 to logical package 0
[    0.259344] smpboot: Max logical packages: 1
[    0.261251] x2apic enabled
[    0.262531] Switched APIC routing to physical x2apic.
[    0.265326] ..TIMER: vector=0x30 apic1=0 pin1=2 apic2=-1 pin2=-1
[    0.374924] smpboot: CPU0: AMD Ryzen 5 3500U with Radeon Vega Mobile Gfx (family: 0x17, model: 0x18, stepping: 0x1)
[    0.376575] Performance Events: Broken PMU hardware detected, using software events only.
[    0.377825] Failed to access perfctr msr (MSR c0010007 is 0)
[    0.384548] KVM setup paravirtual spinlock
[    0.386014] x86: Booted up 1 node, 1 CPUs
[    0.386626] smpboot: Total of 1 processors activated (4192.12 BogoMIPS)
[    0.387849] devtmpfs: initialized
[    0.389901] evm: security.selinux
[    0.390463] evm: security.SMACK64
[    0.390998] evm: security.SMACK64EXEC
[    0.391566] evm: security.SMACK64TRANSMUTE
[    0.392198] evm: security.SMACK64MMAP
[    0.392766] evm: security.ima
[    0.393277] evm: security.capability
[    0.393959] clocksource: jiffies: mask: 0xffffffff max_cycles: 0xffffffff, max_idle_ns: 7645041785100000 ns
[    0.395333] futex hash table entries: 256 (order: 2, 16384 bytes)
[    0.396287] pinctrl core: initialized pinctrl subsystem
[    0.397122] RTC time:  3:43:44, date: 09/18/22
[    0.398199] NET: Registered protocol family 16
[    0.398996] cpuidle: using governor ladder
[    0.399615] cpuidle: using governor menu
[    0.400216] PCCT header not found.
[    0.401107] ACPI: bus type PCI registered
[    0.401730] acpiphp: ACPI Hot Plug PCI Controller Driver version: 0.5
[    0.402690] PCI: Using configuration type 1 for base access
[    0.403461] PCI: Using configuration type 1 for extended access
[    0.406403] ACPI: Added _OSI(Module Device)
[    0.407119] ACPI: Added _OSI(Processor Device)
[    0.407774] ACPI: Added _OSI(3.0 _SCP Extensions)
[    0.408456] ACPI: Added _OSI(Processor Aggregator Device)
[    0.409633] ACPI: Executed 1 blocks of module-level executable AML code
[    0.412152] ACPI: Interpreter enabled
[    0.412738] ACPI: (supports S0 S5)
[    0.413283] ACPI: Using IOAPIC for interrupt routing
[    0.414111] PCI: Using host bridge windows from ACPI; if necessary, use "pci=nocrs" and report a bug
[    0.418192] ACPI: PCI Root Bridge [PCI0] (domain 0000 [bus 00-ff])
[    0.419031] acpi PNP0A03:00: _OSC: OS supports [ExtendedConfig ASPM ClockPM Segments MSI]
[    0.420757] acpi PNP0A03:00: _OSC: platform does not support [PCIeCapability]
[    0.421982] acpi PNP0A03:00: _OSC: not requesting control; platform does not support [PCIeCapability]
[    0.423286] acpi PNP0A03:00: _OSC: OS requested [PCIeHotplug PME AER PCIeCapability]
[    0.424467] acpi PNP0A03:00: _OSC: platform willing to grant [PCIeHotplug PME AER]
[    0.425613] acpi PNP0A03:00: _OSC failed (AE_SUPPORT); disabling ASPM
[    0.426784] PCI host bridge to bus 0000:00
[    0.427407] pci_bus 0000:00: root bus resource [io  0x0000-0x0cf7 window]
[    0.428302] pci_bus 0000:00: root bus resource [io  0x0d00-0xffff window]
[    0.429197] pci_bus 0000:00: root bus resource [mem 0x000a0000-0x000bffff window]
[    0.437219] pci_bus 0000:00: root bus resource [mem 0x40000000-0xfdffffff window]
[    0.438380] pci_bus 0000:00: root bus resource [bus 00-ff]
[    0.440725] pci 0000:00:01.1: legacy IDE quirk: reg 0x10: [io  0x01f0-0x01f7]
[    0.441721] pci 0000:00:01.1: legacy IDE quirk: reg 0x14: [io  0x03f6]
[    0.442583] pci 0000:00:01.1: legacy IDE quirk: reg 0x18: [io  0x0170-0x0177]
[    0.443510] pci 0000:00:01.1: legacy IDE quirk: reg 0x1c: [io  0x0376]
[    0.458977] pci 0000:00:07.0: quirk: [io  0x4000-0x403f] claimed by PIIX4 ACPI
[    0.460206] pci 0000:00:07.0: quirk: [io  0x4100-0x410f] claimed by PIIX4 SMB
[    0.469545] ACPI: PCI Interrupt Link [LNKA] (IRQs 5 9 10 *11)
[    0.471076] ACPI: PCI Interrupt Link [LNKB] (IRQs 5 9 *10 11)
[    0.472328] ACPI: PCI Interrupt Link [LNKC] (IRQs 5 *9 10 11)
[    0.473618] ACPI: PCI Interrupt Link [LNKD] (IRQs 5 9 10 *11)
[    0.474948] ACPI: Enabled 2 GPEs in block 00 to 07
[    0.475996] vgaarb: setting as boot device: PCI:0000:00:02.0
[    0.476787] vgaarb: device added: PCI:0000:00:02.0,decodes=io+mem,owns=io+mem,locks=none
[    0.477955] vgaarb: loaded
[    0.478436] vgaarb: bridge control possible 0000:00:02.0
[    0.479427] SCSI subsystem initialized
[    0.480085] ACPI: bus type USB registered
[    0.480726] usbcore: registered new interface driver usbfs
[    0.481501] usbcore: registered new interface driver hub
[    0.482253] usbcore: registered new device driver usb
[    0.483083] PCI: Using ACPI for IRQ routing
[    0.484012] NetLabel: Initializing
[    0.484562] NetLabel:  domain hash size = 128
[    0.485240] NetLabel:  protocols = UNLABELED CIPSOv4
[    0.485958] NetLabel:  unlabeled traffic allowed by default
[    0.486829] amd_nb: Cannot enumerate AMD northbridges
[    0.487638] clocksource: Switched to clocksource kvm-clock
[    0.495175] AppArmor: AppArmor Filesystem Enabled
[    0.496001] pnp: PnP ACPI init
[    0.497235] pnp: PnP ACPI: found 3 devices
[    0.503315] clocksource: acpi_pm: mask: 0xffffff max_cycles: 0xffffff, max_idle_ns: 2085701024 ns
[    0.504748] NET: Registered protocol family 2
[    0.505605] TCP established hash table entries: 8192 (order: 4, 65536 bytes)
[    0.506549] TCP bind hash table entries: 8192 (order: 5, 131072 bytes)
[    0.507444] TCP: Hash tables configured (established 8192 bind 8192)
[    0.508338] UDP hash table entries: 512 (order: 2, 16384 bytes)
[    0.509147] UDP-Lite hash table entries: 512 (order: 2, 16384 bytes)
[    0.510041] NET: Registered protocol family 1
[    0.510706] pci 0000:00:00.0: Limiting direct PCI/PCI transfers
[    0.511533] pci 0000:00:01.0: Activating ISA DMA hang workarounds
[    0.512518] Unpacking initramfs...
[    0.712634] Freeing initrd memory: 14888K
[    0.713455] clocksource: tsc: mask: 0xffffffffffffffff max_cycles: 0x1e36aa4f9f7, max_idle_ns: 440795294663 ns
[    0.714864] platform rtc_cmos: registered platform RTC device (no PNP device found)
[    0.716067] Scanning for low memory corruption every 60 seconds
[    0.717120] audit: initializing netlink subsys (disabled)
[    0.717883] audit: type=2000 audit(1663472629.264:1): initialized
[    0.718937] Initialise system trusted keyring
[    0.719704] HugeTLB registered 2 MB page size, pre-allocated 0 pages
[    0.721574] zbud: loaded
[    0.722376] VFS: Disk quotas dquot_6.6.0
[    0.723029] VFS: Dquot-cache hash table entries: 512 (order 0, 4096 bytes)
[    0.724136] squashfs: version 4.0 (2009/01/31) Phillip Lougher
[    0.725108] fuse init (API version 7.23)
[    0.725815] Key type big_key registered
[    0.726453] Allocating IMA MOK and blacklist keyrings.
[    0.727370] Key type asymmetric registered
[    0.728010] Asymmetric key parser 'x509' registered
[    0.728735] Block layer SCSI generic (bsg) driver version 0.4 loaded (major 249)
[    0.729856] io scheduler noop registered
[    0.730455] io scheduler deadline registered (default)
[    0.731213] io scheduler cfq registered
[    0.731883] pci_hotplug: PCI Hot Plug PCI Core version: 0.5
[    0.732705] pciehp: PCI Express Hot Plug Controller Driver version: 0.4
[    0.733699] ACPI: AC Adapter [AC] (on-line)
[    0.734367] input: Power Button as /devices/LNXSYSTM:00/LNXPWRBN:00/input/input0
[    0.735477] ACPI: Power Button [PWRF]
[    0.736124] input: Sleep Button as /devices/LNXSYSTM:00/LNXSLPBN:00/input/input1
[    0.737292] ACPI: Sleep Button [SLPF]
[    0.738512] ACPI: Battery Slot [BAT0] (battery present)
[    0.739293] GHES: HEST is not enabled!
[    0.739997] Serial: 8250/16550 driver, 32 ports, IRQ sharing enabled
[    0.761391] 00:02: ttyS0 at I/O 0x3f8 (irq = 4, base_baud = 115200) is a 16550A
[    0.764670] Linux agpgart interface v0.103
[    0.766171] loop: module loaded
[    0.767135] scsi host0: ata_piix
[    0.767844] scsi host1: ata_piix
[    0.768402] ata1: PATA max UDMA/33 cmd 0x1f0 ctl 0x3f6 bmdma 0xd000 irq 14
[    0.769322] ata2: PATA max UDMA/33 cmd 0x170 ctl 0x376 bmdma 0xd008 irq 15
[    0.770716] libphy: Fixed MDIO Bus: probed
[    0.771410] tun: Universal TUN/TAP device driver, 1.6
[    0.772179] tun: (C) 1999-2004 Max Krasnyansky <maxk@qualcomm.com>
[    0.773106] PPP generic driver version 2.4.2
[    0.773815] ehci_hcd: USB 2.0 'Enhanced' Host Controller (EHCI) Driver
[    0.774690] ehci-pci: EHCI PCI platform driver
[    0.775369] ehci-platform: EHCI generic platform driver
[    0.776128] ohci_hcd: USB 1.1 'Open' Host Controller (OHCI) Driver
[    0.776979] ohci-pci: OHCI PCI platform driver
[    0.777650] ohci-platform: OHCI generic platform driver
[    0.778393] uhci_hcd: USB Universal Host Controller Interface driver
[    0.779306] i8042: PNP: PS/2 Controller [PNP0303:PS2K,PNP0f03:PS2M] at 0x60,0x64 irq 1,12
[    0.780905] serio: i8042 KBD port at 0x60,0x64 irq 1
[    0.781636] serio: i8042 AUX port at 0x60,0x64 irq 12
[    0.782433] mousedev: PS/2 mouse device common for all mice
[    0.783438] input: AT Translated Set 2 keyboard as /devices/platform/i8042/serio0/input/input2
[    0.785010] rtc_cmos rtc_cmos: rtc core: registered rtc_cmos as rtc0
[    0.785944] rtc_cmos rtc_cmos: alarms up to one day, 114 bytes nvram
[    0.786816] i2c /dev entries driver
[    0.787454] device-mapper: uevent: version 1.0.3
[    0.788290] device-mapper: ioctl: 4.34.0-ioctl (2015-10-28) initialised: dm-devel@redhat.com
[    0.789535] ledtrig-cpu: registered to indicate activity on CPUs
[    0.790617] NET: Registered protocol family 10
[    0.791460] NET: Registered protocol family 17
[    0.792193] Key type dns_resolver registered
[    0.793040] registered taskstats version 1
[    0.793671] Loading compiled-in X.509 certificates
[    0.794830] Loaded X.509 cert 'Build time autogenerated kernel key: cf00e047681d67edb2720680708b7d9498083038'
[    0.796226] zswap: loaded using pool lzo/zbud
[    0.798057] Key type trusted registered
[    0.800507] Key type encrypted registered
[    0.801134] AppArmor: AppArmor sha1 policy hashing enabled
[    0.801935] ima: No TPM chip found, activating TPM-bypass!
[    0.802700] ima: Allocated hash algorithm: sha1
[    0.803374] evm: HMAC attrs: 0x1
[    0.804253]   Magic number: 6:371:715
[    0.804903] rtc_cmos rtc_cmos: setting system clock to 2022-09-18 03:43:44 UTC (1663472624)
[    0.806208] BIOS EDD facility v0.16 2004-Jun-25, 0 devices found
[    0.807041] EDD information not available.
[    0.948917] Freeing unused kernel memory: 1492K
[    0.949856] Write protecting the kernel read-only data: 14336k
[    0.951297] Freeing unused kernel memory: 1584K
[    0.952250] Freeing unused kernel memory: 52K
Loading, please wait...
starting version 229
[    0.962099] random: udevadm: uninitialized urandom read (16 bytes read, 3 bits of entropy available)
[    0.963787] random: udevadm: uninitialized urandom read (16 bytes read, 3 bits of entropy available)
[    0.965690] random: systemd-udevd: uninitialized urandom read (16 bytes read, 3 bits of entropy available)
[    0.967322] random: systemd-udevd: uninitialized urandom read (16 bytes read, 3 bits of entropy available)
[    0.969037] random: systemd-udevd: uninitialized urandom read (16 bytes read, 3 bits of entropy available)
[    0.970638] random: systemd-udevd: uninitialized urandom read (16 bytes read, 3 bits of entropy available)
[    0.978429] random: systemd-udevd: uninitialized urandom read (16 bytes read, 3 bits of entropy available)
[    0.980335] random: systemd-udevd: uninitialized urandom read (16 bytes read, 3 bits of entropy available)
[    0.981912] random: systemd-udevd: uninitialized urandom read (16 bytes read, 3 bits of entropy available)
[    0.985159] random: systemd-udevd: uninitialized urandom read (16 bytes read, 3 bits of entropy available)
[    1.060573] e1000: Intel(R) PRO/1000 Network Driver - version 7.3.21-k8-NAPI
[    1.061583] e1000: Copyright (c) 1999-2006 Intel Corporation.
[    1.067454] Fusion MPT base driver 3.04.20
[    1.068226] Copyright (c) 1999-2008 LSI Corporation
[    1.078249] Fusion MPT SPI Host driver 3.04.20
[    1.118341] AVX2 version of gcm_enc/dec engaged.
[    1.119522] AES CTR mode by8 optimization enabled
[    1.279303] input: ImExPS/2 Generic Explorer Mouse as /devices/platform/i8042/serio1/input/input4
[    1.450020] e1000 0000:00:03.0 eth0: (PCI:33MHz:32-bit) 02:be:82:6b:cc:1d
[    1.450987] e1000 0000:00:03.0 eth0: Intel(R) PRO/1000 Network Connection
[    1.452369] mptbase: ioc0: Initiating bringup
[    1.516048] ioc0: LSI53C1030 A0: Capabilities={Initiator}
[    1.676901] scsi host2: ioc0: LSI53C1030 A0, FwRev=00000000h, Ports=1, MaxQ=256, IRQ=20
[    1.791456] scsi 2:0:0:0: Direct-Access     VBOX     HARDDISK         1.0  PQ: 0 ANSI: 5
[    1.793210] scsi target2:0:0: Beginning Domain Validation
[    1.794942] scsi target2:0:0: Domain Validation skipping write tests
[    1.796120] scsi target2:0:0: Ending Domain Validation
[    1.797153] scsi target2:0:0: asynchronous
[    1.805901] scsi 2:0:1:0: Direct-Access     VBOX     HARDDISK         1.0  PQ: 0 ANSI: 5
[    1.807393] scsi target2:0:1: Beginning Domain Validation
[    1.808818] scsi target2:0:1: Domain Validation skipping write tests
[    1.809698] scsi target2:0:1: Ending Domain Validation
[    1.810456] scsi target2:0:1: asynchronous
[    1.814472] sd 2:0:0:0: Attached scsi generic sg0 type 0
[    1.815263] sd 2:0:0:0: [sda] 83886080 512-byte logical blocks: (42.9 GB/40.0 GiB)
[    1.820681] sd 2:0:1:0: [sdb] 20480 512-byte logical blocks: (10.5 MB/10.0 MiB)
[    1.822111] sd 2:0:1:0: Attached scsi generic sg1 type 0
[    1.823060] sd 2:0:1:0: [sdb] Write Protect is off
[    1.823990] sd 2:0:0:0: [sda] Write Protect is off
[    1.824776] sd 2:0:1:0: [sdb] Incomplete mode parameter data
[    1.825594] sd 2:0:1:0: [sdb] Assuming drive cache: write through
[    1.826462] sd 2:0:0:0: [sda] Incomplete mode parameter data
[    1.827243] sd 2:0:0:0: [sda] Assuming drive cache: write through
[    1.849660]  sda: sda1
[    1.850622] sd 2:0:0:0: [sda] Attached SCSI disk
[    1.851664] sd 2:0:1:0: [sdb] Attached SCSI disk
[    2.158165] e1000 0000:00:08.0 eth1: (PCI:33MHz:32-bit) 08:00:27:2e:38:10
[    2.159446] e1000 0000:00:08.0 eth1: Intel(R) PRO/1000 Network Connection
[    2.161757] e1000 0000:00:08.0 enp0s8: renamed from eth1
[    2.164313] e1000 0000:00:03.0 enp0s3: renamed from eth0
Begin: Loading essential drivers ... [    3.420273] md: linear personality registered for level -1
[    3.423599] md: multipath personality registered for level -4
[    3.426997] md: raid0 personality registered for level 0
[    3.430594] md: raid1 personality registered for level 1
[    3.500399] raid6: sse2x1   gen()  7769 MB/s
[    3.567956] raid6: sse2x1   xor()  7151 MB/s
[    3.636529] raid6: sse2x2   gen() 16059 MB/s
[    3.704122] raid6: sse2x2   xor() 10225 MB/s
[    3.771711] raid6: sse2x4   gen() 16550 MB/s
[    3.840270] raid6: sse2x4   xor()  9286 MB/s
[    3.907864] raid6: avx2x1   gen() 18012 MB/s
[    3.976433] raid6: avx2x2   gen() 22409 MB/s
[    4.044022] raid6: avx2x4   gen() 22331 MB/s
[    4.044832] raid6: using algorithm avx2x2 gen() 22409 MB/s
[    4.045720] raid6: using avx2x2 recovery algorithm
[    4.047996] xor: automatically using best checksumming function:
[    4.088101]    avx       : 14410.000 MB/sec
[    4.090309] async_tx: api initialized (async)
[    4.099041] md: raid6 personality registered for level 6
[    4.099853] md: raid5 personality registered for level 5
[    4.100594] md: raid4 personality registered for level 4
[    4.105756] md: raid10 personality registered for level 10
done.
Begin: Running /scripts/init-premount ... done.
Begin: Mounting root file system ... Begin: Running /scripts/local-top ... done.
Begin: Running /scripts/local-premount ... [    4.133972] Btrfs loaded
Scanning for Btrfs filesystems
done.
Warning: fsck not present, so skipping root file system
[    4.179780] EXT4-fs (sda1): mounted filesystem with ordered data mode. Opts: (null)
done.
Begin: Running /scripts/local-bottom ... done.
Begin: Running /scripts/init-bottom ... done.
[    4.267034] systemd[1]: systemd 229 running in system mode. (+PAM +AUDIT +SELINUX +IMA +APPARMOR +SMACK +SYSVINIT +UTMP +LIBCRYPTSETUP +GCRYPT +GNUTLS +ACL +XZ -LZ4 +SECCOMP +BLKID +ELFUTILS +KMOD -IDN)
[    4.269491] systemd[1]: Detected virtualization oracle.
[    4.270264] systemd[1]: Detected architecture x86-64.

Welcome to [1mUbuntu 16.04.7 LTS[0m!

[    4.274196] systemd[1]: Set hostname to <ubuntu>.
[    4.276700] systemd[1]: Initializing machine ID from random generator.
[    4.277639] systemd[1]: Installed transient /etc/machine-id file.
[    4.385166] systemd[1]: Created slice System Slice.
[[0;32m  OK  [0m] Created slice System Slice.
[    4.386862] systemd[1]: Created slice system-serial\x2dgetty.slice.
[[0;32m  OK  [0m] Created slice system-serial\x2dgetty.slice.
[    4.388580] systemd[1]: Started Forward Password Requests to Wall Directory Watch.
[[0;32m  OK  [0m] Started Forward Password Requests to Wall Directory Watch.
[    4.390603] systemd[1]: Started Trigger resolvconf update for networkd DNS.
[[0;32m  OK  [0m] Started Trigger resolvconf update for networkd DNS.
[    4.392531] systemd[1]: Created slice User and Session Slice.
[[0;32m  OK  [0m] Created slice User and Session Slice.
[    4.394193] systemd[1]: Set up automount Arbitrary Executable File Formats File System Automount Point.
[[0;32m  OK  [0m] Set up automount Arbitrary Executab...ats File System Automount Point.
[    4.396408] systemd[1]: Listening on LVM2 poll daemon socket.
[[0;32m  OK  [0m] Listening on LVM2 poll daemon socket.
[    4.397889] systemd[1]: Listening on Journal Socket (/dev/log).
[[0;32m  OK  [0m] Listening on Journal Socket (/dev/log).
[    4.399352] systemd[1]: Reached target User and Group Name Lookups.
[[0;32m  OK  [0m] Reached target User and Group Name Lookups.
[    4.400908] systemd[1]: Listening on Device-mapper event daemon FIFOs.
[[0;32m  OK  [0m] Listening on Device-mapper event daemon FIFOs.
[    4.402522] systemd[1]: Listening on udev Kernel Socket.
[[0;32m  OK  [0m] Listening on udev Kernel Socket.
[    4.403868] systemd[1]: Reached target Encrypted Volumes.
[[0;32m  OK  [0m] Reached target Encrypted Volumes.
[    4.405455] systemd[1]: Listening on Journal Audit Socket.
[[0;32m  OK  [0m] Listening on Journal Audit Socket.
[    4.406979] systemd[1]: Listening on udev Control Socket.
[[0;32m  OK  [0m] Listening on udev Control Socket.
[    4.408395] systemd[1]: Reached target Slices.
[[0;32m  OK  [0m] Reached target Slices.
[    4.409678] systemd[1]: Listening on /dev/initctl Compatibility Named Pipe.
[[0;32m  OK  [0m] Listening on /dev/initctl Compatibility Named Pipe.
[    4.411304] systemd[1]: Reached target System Time Synchronized.
[[0;32m  OK  [0m] Reached target System Time Synchronized.
[    4.412806] systemd[1]: Listening on LVM2 metadata daemon socket.
[[0;32m  OK  [0m] Listening on LVM2 metadata daemon socket.
[    4.414308] systemd[1]: Listening on Syslog Socket.
[[0;32m  OK  [0m] Listening on Syslog Socket.
[    4.415615] systemd[1]: Listening on fsck to fsckd communication Socket.
[[0;32m  OK  [0m] Listening on fsck to fsckd communication Socket.
[    4.417251] systemd[1]: Reached target Swap.
[[0;32m  OK  [0m] Reached target Swap.
[    4.418472] systemd[1]: Listening on Journal Socket.
[[0;32m  OK  [0m] Listening on Journal Socket.
[    4.421971] systemd[1]: Starting Load Kernel Modules...
         Starting Load Kernel Modules...
[    4.425216] systemd[1]: Starting Set console keymap...
         Starting Set console keymap...
[    4.432670] systemd[1]: Starting Create list of required static device nodes for the current kernel...
         Starting Create list of required st... nodes for the current kernel...
[    4.443615] systemd[1]: Starting Monitoring of LVM2 mirrors, snapshots etc. using dmeventd or progress polling...
         Starting Monitoring of LVM2 mirrors... dmeventd or progress polling...
[    4.449085] systemd[1]: Starting Journal Service...
         Starting Journal Service...
[    4.451267] Loading iSCSI transport class v2.0-870.
[    4.453785] systemd[1]: Starting Nameserver information manager...
         Starting Nameserver information manager...
[    4.460546] systemd[1]: Starting File System Check on Root Device...
         Starting File System Check on Root Device...
[    4.468722] systemd[1]: Starting Uncomplicated firewall...
         Starting Uncomplicated firewall...
[    4.476546] systemd[1]: Mounting Debug File System...
         Mounting Debug File System...
[    4.478752] systemd[1]: Mounting Huge Pages File System...
         Mounting Huge Pages File System...
[    4.486462] systemd[1]: Mounting POSIX Message Queue File System...
         Mounting POSIX Message Queue File System...
[    4.493608] systemd[1]: Mounted POSIX Message Queue File System.
[[0;32m  OK  [0m] Mounted POSIX Message Queue File System.
[    4.495305] systemd[1]: Mounted Debug File System.
[[0;32m  OK  [0m] Mounted Debug File System.
[    4.498642] systemd[1]: Started Create list of required static device nodes for the current kernel.
[[0;32m  OK  [0m] Started Create list of required sta...ce nodes for the current kernel.
[    4.504858] systemd[1]: Started Uncomplicated firewall.
[[0;32m  OK  [0m] Started Uncomplicated firewall.
[    4.510612] systemd[1]: Mounted Huge Pages File System.
[[0;32m  OK  [0m] Mounted Huge Pages File System.
[    4.514376] iscsi: registered transport (tcp)
[    4.515917] systemd[1]: Started Nameserver information manager.
[[0;32m  OK  [0m] Started Nameserver information manager.
[    4.523227] systemd[1]: Started LVM2 metadata daemon.
[[0;32m  OK  [0m] Started LVM2 metadata daemon.
[    4.529805] systemd[1]: Started File System Check Daemon to report status.
[[0;32m  OK  [0m] Started File System Check Daemon to report status.
[    4.535740] systemd[1]: Starting Create Static Device Nodes in /dev...
         Starting Create Static Device Nodes in /dev...
[    4.548249] systemd[1]: Started File System Check on Root Device.
[[0;32m  OK  [0m] Started File System Check on Root Device.
[    4.550615] systemd[1]: Starting Remount Root and Kernel File Systems...
         Starting Remount Root and Kernel File Systems...
[    4.559138] EXT4-fs (sda1): re-mounted. Opts: (null)
[    4.562426] systemd[1]: Started Remount Root and Kernel File Systems.
[[0;32m  OK  [0m] Started Remount Root and Kernel [    4.564127] random: nonblocking pool is initialized
File Systems.
[    4.566749] systemd[1]: Starting Load/Save Random Seed...
         Starting Load/Save Random Seed...
[    4.573998] systemd[1]: Starting udev Coldplug all Devices...
         Starting udev Coldplug all Devices...
[    4.582200] systemd[1]: Started Journal Service.
[[0;32m  OK  [0m] Started Journal Service.
[[0;32m  OK  [0m] Started Load/Save Random Seed.
         Starting Flush Journal to Persistent Storage...
[[0;32m  OK  [0m] Started Create Static Device Nodes in /dev.
         Starting udev Kernel Device Manager...
[    4.617851] systemd-journald[377]: Received request to flush runtime journal from PID 1
[[0;32m  OK  [0m] Started Flush Journal to Persistent Storage.
[[0;32m  OK  [0m] Started udev Kernel Device Manager.
[    4.677875] iscsi: registered transport (iser)
[[0;32m  OK  [0m] Started Load Kernel Modules.
         Starting Apply Kernel Variables...
         Mounting FUSE Control File System...
[[0;32m  OK  [0m] Mounted FUSE Control File System.
[[0;32m  OK  [0m] Started Apply Kernel Variables.
[[0;32m  OK  [0m] Started Set console keymap.
[[0;32m  OK  [0m] Started udev Coldplug all Devices.
[[0;32m  OK  [0m] Started Dispatch Password Requests to Console Directory Watch.
[[0;32m  OK  [0m] Found device /dev/ttyS0.
[[0;32m  OK  [0m] Listening on Load/Save RF Kill Switch Status /dev/rfkill Watch.
[[0;32m  OK  [0m] Started Monitoring of LVM2 mirrors,...ng dmeventd or progress polling.
[[0;32m  OK  [0m] Reached target Local File Systems (Pre).
[[0;32m  OK  [0m] Reached target Local File Systems.
         Starting Commit a transient machine-id on disk...
         Starting Tell Plymouth To Write Out Runtime Data...
         Starting Initial cloud-init job (pre-networking)...
         Starting Create Volatile Files and Directories...
         Starting Set console font and keymap...
         Starting LSB: AppArmor initialization...
[[0;32m  OK  [0m] Started Commit a transient machine-id on disk.
[[0;32m  OK  [0m] Started Create Volatile Files and Directories.
         Starting Update UTMP about System Boot/Shutdown...
[[0;32m  OK  [0m] Started Tell Plymouth To Write Out Runtime Data.
[[0;32m  OK  [0m] Started Update UTMP about System Boot/Shutdown.
[[0;32m  OK  [0m] Started Set console font and keymap.
[[0;32m  OK  [0m] Created slice system-getty.slice.
[    6.612278] cloud-init[608]: Cloud-init v. 21.1-19-gbad84ad4-0ubuntu1~16.04.2 running 'init-local' at Sun, 18 Sep 2022 03:43:49 +0000. Up 6.09 seconds.
[[0;32m  OK  [0m] Started Initial cloud-init job (pre-networking).
[[0;32m  OK  [0m] Reached target Network (Pre).
[[0;32m  OK  [0m] Started LSB: AppArmor initialization.
         Starting Load AppArmor profiles managed internally by snapd...
         Starting Raise network interfaces...
[[0;32m  OK  [0m] Started Load AppArmor profiles managed internally by snapd.
[[0;32m  OK  [0m] Started Raise network interfaces.
[[0;32m  OK  [0m] Reached target Network.
         Starting Initial cloud-init job (metadata service crawler)...
[    7.833315] cloud-init[970]: Cloud-init v. 21.1-19-gbad84ad4-0ubuntu1~16.04.2 running 'init' at Sun, 18 Sep 2022 03:43:51 +0000. Up 7.31 seconds.
[    7.834406] cloud-init[970]: ci-info: ++++++++++++++++++++++++++++++++++++++Net device info+++++++++++++++++++++++++++++++++++++++
[    7.835483] cloud-init[970]: ci-info: +--------+-------+----------------------------+---------------+--------+-------------------+
[    7.836531] cloud-init[970]: ci-info: | Device |   Up  |          Address           |      Mask     | Scope  |     Hw-Address    |
[    7.840974] cloud-init[970]: ci-info: +--------+-------+----------------------------+---------------+--------+-------------------+
[    7.841882] cloud-init[970]: ci-info: | enp0s3 |  True |         10.0.2.15          | 255.255.255.0 | global | 02:be:82:6b:cc:1d |
[    7.842816] cloud-init[970]: ci-info: | enp0s3 |  True | fe80::be:82ff:fe6b:cc1d/64 |       .       |  link  | 02:be:82:6b:cc:1d |
[    7.844860] cloud-init[970]: ci-info: | enp0s8 | False |             .              |       .       |   .    | 08:00:27:2e:38:10 |
[    7.848868] cloud-init[970]: ci-info: |   lo   |  True |         127.0.0.1          |   255.0.0.0   |  host  |         .         |
[    7.849865] cloud-init[970]: ci-info: |   lo   |  True |          ::1/128           |       .       |  host  |         .         |
[    7.850823] cloud-init[970]: ci-info: +--------+-------+----------------------------+---------------+--------+-------------------+
[    7.852919] cloud-init[970]: ci-info: +++++++++++++++++++++++++++Route IPv4 info++++++++++++++++++++++++++++
[    7.853880] cloud-init[970]: ci-info: +-------+-------------+----------+---------------+-----------+-------+
[    7.856649] cloud-init[970]: ci-info: | Route | Destination | Gateway  |    Genmask    | Interface | Flags |
[    7.860558] cloud-init[970]: ci-info: +-------+-------------+----------+---------------+-----------+-------+
[    7.861490] cloud-init[970]: ci-info: |   0   |   0.0.0.0   | 10.0.2.2 |    0.0.0.0    |   enp0s3  |   UG  |
[    7.862352] cloud-init[970]: ci-info: |   1   |   10.0.2.0  | 0.0.0.0  | 255.255.255.0 |   enp0s3  |   U   |
[    7.863179] cloud-init[970]: ci-info: +-------+-------------+----------+---------------+-----------+-------+
[    7.868438] cloud-init[970]: ci-info: +++++++++++++++++++Route IPv6 info+++++++++++++++++++
[    7.869271] cloud-init[970]: ci-info: +-------+-------------+---------+-----------+-------+
[    7.870011] cloud-init[970]: ci-info: | Route | Destination | Gateway | Interface | Flags |
[    7.871241] cloud-init[970]: ci-info: +-------+-------------+---------+-----------+-------+
[    7.877516] cloud-init[970]: ci-info: |   0   |  fe80::/64  |    ::   |   enp0s3  |   U   |
[    7.879125] cloud-init[970]: ci-info: |   3   |   ff00::/8  |    ::   |   enp0s3  |   U   |
[    7.880493] cloud-init[970]: ci-info: +-------+-------------+---------+-----------+-------+
[    7.885094] cloud-init[970]: Generating public/private rsa key pair.
[    7.885856] cloud-init[970]: Your identification has been saved in /etc/ssh/ssh_host_rsa_key.
[    7.886719] cloud-init[970]: Your public key has been saved in /etc/ssh/ssh_host_rsa_key.pub.
[    7.887615] cloud-init[970]: The key fingerprint is:
[    7.893157] cloud-init[970]: SHA256:ssiIofBNwvqGf35CDcN9A9m/d3qnreTnMUrJTU5lqx0 root@ubuntu-xenial
[    7.893995] cloud-init[970]: The key's randomart image is:
[    7.894661] cloud-init[970]: +---[RSA 2048]----+
[    7.895287] cloud-init[970]: |       o         |
[    7.895935] cloud-init[970]: |      o .        |
[    7.901235] cloud-init[970]: |   . . . .      o|
[    7.901895] cloud-init[970]: | .  + . o .    .o|
[    7.902598] cloud-init[970]: |o o .+..S. .   E |
[    7.903253] cloud-init[970]: |o= *...o  . o X .|
[    7.908688] cloud-init[970]: |+.o.+ .    . B.* |
[    7.909262] cloud-init[970]: |... o .     ooo.=|
[    7.909947] cloud-init[970]: | ooo.o       o+*o|
[    7.910610] cloud-init[970]: +----[SHA256]-----+
[    7.911269] cloud-init[970]: Generating public/private dsa key pair.
[    7.916414] cloud-init[970]: Your identification has been saved in /etc/ssh/ssh_host_dsa_key.
[    7.917274] cloud-init[970]: Your public key has been saved in /etc/ssh/ssh_host_dsa_key.pub.
[    7.924251] cloud-init[970]: The key fingerprint is:
[[0;32m  OK  [0m] Started Initial cloud-init job (metadata service crawler).
[    7.926571] cloud-init[970]: SHA256:yHLplN3RBpCpRc7AILKi55J45E9jaKfyr6z5sMQYTT0 root@ubuntu-xenial
[[0;32m  OK  [0m] Reached target Network is Online.
[    7.928107] cloud-init[970]: The key's randomart image is:
[    7.928525] cloud-init[970]: +---[DSA 1024]----+
[    7.928899] cloud-init[970]: |. . .o..o+.      |
[    7.929283] cloud-init[970]: | o o  .++  o     |
[    7.929662] cloud-init[970]: |o . E  oo . o    |
[    7.930040] cloud-init[970]: |oo   o.= . o     |
[    7.930418] cloud-init[970]: |o + . B S .      |
[    7.930800] cloud-init[970]: |+B . =           |
[    7.931185] cloud-init[970]: |*o* = .          |
[    7.931561] cloud-init[970]: |oO * .           |
[    7.931945]          Starting iSCSI initiator daemon (iscsid)...
[[0;32m  OK  [0m] Reached target Cloud-config availability.
[[0;32m  OK  [0m] Reached target System Initialization.
[[0;32m  OK  [0m] Listening on D-Bus System Message Bus Socket.
[[0;32m  OK  [0m] Started Message of the Day.
cloud-init[970]: |+=*oo            |
[[0;32m  OK  [0m] Started ACPI Events Check.[    7.941151] cloud-init[970]: +----[SHA256]-----+
[    7.942023] 
[[0;32m  OK  [0m] Reached target Paths.
[[0;32m  OK  [0m] Started Daily Cleanup of Temporary Directories.
         Starting Socket activation for snappy daemon.
[[0;32m  OK  [0m] Listening on UUID daemon activation socket.
[cloud-init[970]: Generating public/private ecdsa key pair.
[    7.946108] cloud-init[970]: Your identification has been saved in /etc/ssh/ssh_host_ecdsa_key.
[    7.946687] cloud-init[970]: Your public key has been saved in /etc/ssh/ssh_host_ecdsa_key.pub.
[    7.947244] cloud-init[970]: The key fingerprint is:
[    7.947657] cloud-init[970]: SHA256:MOwehn1SSWQhsdo46X9Y6pd62sD2GW9yiFyLbYKNJLA root@ubuntu-xenial[0;32m  OK  [0m] Started Ubuntu Advantage update messaging.
[[0;32m  OK  [0m] Listening on ACPID Listen Socket.
[[0;32m  OK  [0m] Started Daily apt download activities.
[[0;32m  OK  [0m] Started Daily apt upgrade and clean activities.
[[0;32m  OK  [0m] Reached target Timers.
         Starting LXD - unix socket.

[    7.956423] cloud-init[970]: The key's randomart image is:
[[0;32m  OK  [0m] Listening on Socket activation for snappy daemon.
[[0;32m  OK  [0m] Listening on LXD - unix socket.
[    7.959644] cloud-init[970]: +---[ECDSA 256]---+[[0;32m  OK  [0m] Started iSCSI initiator daemon (iscsid).
         Starting Login to default iSCSI targets...
[[0;32m  OK  [0m] Reached target Sockets.
[[0;32m  OK  [0m] Reached target Basic System.
[[0;32m  OK  [0m] Started Deferred execution scheduler.

[    7.968508] [[0;32m  OK  [0m] Started ACPI event daemon.
         Starting System Logging Service...
cloud-init[970]: |      oo=.       |
[    7.973753] cloud-init[970]: |     . = .       |
         Starting LSB: MD monitoring daemon...
[    7.975609] cloud-init[970]: |      = o        |
[    7.976244] cloud-init[970]: |.    O +         |
[    7.978520] cloud-init[970]: | o  * B S        |
         Starting LSB: Record successful boot for GRUB...
         Starting LXD - container startup/shutdown...
         Starting Virtualbox guest utils...
         Starting /etc/rc.local Compatibility...
[[0;32m  OK  [0m] Started FUSE filesystem for LXC.
         Starting Pollinate to seed the pseudo random number generator...
[    7.992013] cloud-init         Starting Snap Daemon...
         Starting Login Service...
[[0;32m  OK  [0m] Started D-Bus System Message Bus.
[970]: |E ...= +o        |
[    8.040518] cloud-init[970]: |   o.==O.+       |
[    8.041751] cloud-init[970]: |    ooO+@+o      |
[    8.046821] cloud-init[970]: |     .=O++.      |
[    8.049646] cloud-init[970]: +----[SHA256]-----+
[    8.053691] cloud-init[970]: Generating public/private ed25519 key pair.
[    8.057398] cloud-init[970]: Your identification has been saved in /etc/ssh/ssh_host_ed25519_key.
[    8.059093] cloud-init[970]: Your public key has been saved in /etc/ssh/ssh_host_ed25519_key.pub.
[    8.062297]          Starting Accounts Service...
[[0;32m  OK  [0m] Started Regular background program processing daemon.
[cloud-init[970]: The key fingerprint is:[0;32m  OK  [0m] Started System Logging Service.
[[0;32m  OK  [0m] Started /etc/rc.local Compatibility.

[[0;32m  OK  [0m] Started Login Service.
[[0;32m  OK  [0m] Started Unattended Upgrades Shutdown.
[    8.130557] cloud-init[970]: SHA256:hjLIxm29AwMzsuv2mH8AVNmq9lynuddPVmkl7ivfpQ0 root@ubuntu-xenial[[0;32m  OK  [0m] Started LSB: Record successful boot for GRUB.

[    8.141031] cloud-init[970]: The key's randomart image is:
[    8.142546] cloud-init[970]: +--[ED25519 256]--+
[    8.143426] [[0;32m  OK  [0m] Started LSB: MD monitoring daemon.
[[0;32m  OK  [0m] Started Login to default iSCSI targets.
[[0;32m  OK  [0m] Reached target Remote File Systems (Pre).
[[0;32m  OK  [0m] Reached target Remote File Systems.
         Starting Permit User Sessions...
         Starting LSB: automatic crash report generation...
         Starting LSB: Set the CPU Frequency Scaling governor to "ondemand"...
         Starting LSB: daemon to balance interrupts for SMP systems...
[[0;32m  OK  [0m] Started Permit User Sessions.
         Starting Hold until boot process finishes up...
         Starting Terminate Plymouth Boot Screen...
[[0;32m  OK  [0m] Started Hold until boot process finishes up.
[[0;32m  OK  [0m] Started Serial Getty on ttyS0.
[[0;32m  OK  [0m] Started Getty on tty1.
[[0;32m  OK  [0m] Reached target Login Prompts.
         Starting Set console scheme...
[[0;32m  OK  [0m] Started Terminate Plymouth Boot Screen.
[[0;32m  OK  [0m] Started Set console scheme.
cloud-init[970]: |  ..o            |
[    8.216299] cloud-init[970]: | . . .           |
[    8.234391] cloud-init[970]: |o + .        . . |
[[0;32m  OK  [0m] Started LXD - container startup/shutdown.
[    8.240078] cloud-init[970]: | * B . .    . +  |
[    8.253151] cloud-init[970]: |. B B o S    =   |
[[0;32m  OK  [0m] Started LSB: Set the CPU Frequency Scaling governor to "ondemand".
         Starting Authenticate and Authorize Users to Run Privileged Tasks...
[    8.266849] cloud-init[970]: | = o * +    +    |
[    8.275893] cloud-init[970]: |o o o * .  o .E .|
[    8.283153] cloud-init[970]: |..oo + o .o.  o+.|
[    8.290984] cloud-init[970]: |.+oo..o   ..oo...|
[    8.301644] cloud-init[970]: +----[SHA256]-----+
[[0;32m  OK  [0m] Started LSB: automatic crash report generation.
[[0;32m  OK  [0m] Started LSB: daemon to balance interrupts for SMP systems.
[[0;32m  OK  [0m] Started Authenticate and Authorize Users to Run Privileged Tasks.
[[0;32m  OK  [0m] Started Accounts Service.
[[0;32m  OK  [0m] Started Virtualbox guest utils.
[[0;32m  OK  [0m] Started Snap Daemon.
         Starting Wait until snapd is fully seeded...
[[0;32m  OK  [0m] Started Pollinate to seed the pseudo random number generator.
         Starting OpenBSD Secure Shell server...
[[0;32m  OK  [0m] Started OpenBSD Secure Shell server.
[[0;32m  OK  [0m] Started Wait until snapd is fully seeded.
         Starting Apply the settings specified in cloud-config...
[[0;32m  OK  [0m] Reached target Multi-User System.
[[0;32m  OK  [0m] Reached target Graphical Interface.
         Starting Update UTMP about System Runlevel Changes...
[[0;32m  OK  [0m] Started Update UTMP about System Runlevel Changes.
[    9.927863] cloud-init[1322]: Generating locales (this might take a while)...
[   10.560537] cloud-init[1322]:   en_US.UTF-8... done
[   10.562012] cloud-init[1322]: Generation complete.
[   10.894094] cloud-init[1322]: Cloud-init v. 21.1-19-gbad84ad4-0ubuntu1~16.04.2 running 'modules:config' at Sun, 18 Sep 2022 03:43:53 +0000. Up 9.82 seconds.
[[0;32m  OK  [0m] Started Apply the settings specified in cloud-config.
         Starting Execute cloud user/final scripts...
ci-info: no authorized SSH keys fingerprints found for user ubuntu.
<14>Sep 18 03:43:55 ec2: 
<14>Sep 18 03:43:55 ec2: #############################################################
<14>Sep 18 03:43:55 ec2: -----BEGIN SSH HOST KEY FINGERPRINTS-----
<14>Sep 18 03:43:55 ec2: 1024 SHA256:yHLplN3RBpCpRc7AILKi55J45E9jaKfyr6z5sMQYTT0 root@ubuntu-xenial (DSA)
<14>Sep 18 03:43:55 ec2: 256 SHA256:MOwehn1SSWQhsdo46X9Y6pd62sD2GW9yiFyLbYKNJLA root@ubuntu-xenial (ECDSA)
<14>Sep 18 03:43:55 ec2: 256 SHA256:hjLIxm29AwMzsuv2mH8AVNmq9lynuddPVmkl7ivfpQ0 root@ubuntu-xenial (ED25519)
<14>Sep 18 03:43:55 ec2: 2048 SHA256:ssiIofBNwvqGf35CDcN9A9m/d3qnreTnMUrJTU5lqx0 root@ubuntu-xenial (RSA)
<14>Sep 18 03:43:55 ec2: -----END SSH HOST KEY FINGERPRINTS-----
<14>Sep 18 03:43:55 ec2: #############################################################
-----BEGIN SSH HOST KEY KEYS-----
ecdsa-sha2-nistp256 AAAAE2VjZHNhLXNoYTItbmlzdHAyNTYAAAAIbmlzdHAyNTYAAABBBPHg1MsnOuLAiTsBPGyunvrlxvIQlfmP6ehRm/vxb3wTFZJMEo4r+2MGYDFK268YptTKHS/6Fjx+4fInNR9FCJ4= root@ubuntu-xenial
ssh-ed25519 AAAAC3NzaC1lZDI1NTE5AAAAIGGhxFMo6vt7Td9L3sV2c6QHHdVg9NWinfgzWjPZe/9O root@ubuntu-xenial
ssh-rsa AAAAB3NzaC1yc2EAAAADAQABAAABAQCttKFClHWPikcd/17Jpk/mzilJZ1B8CHpJLTlwZkGM2oeKB64co9JkheFfq5HNIfPYpnnQpdlQOcj7lJvH2HwlhKS+WBnrPQPUW7X5i4veDiOvwHT45aMyYuAOvf4yaD0Ikl7g61YGs7wwA7va/Rk/qseE7pb5cwAAdxIRaL5nVnJW/pyMWHwSVlhFGQtAUcII2+RKT8+qFW0bV4qHVBFuqGKppOcsjKuoExJwov/oFZutqdhZF+Fo6sDt8dadnOlWC6JVrephSngOIbPI96m/XgFTOtFUsXbm0jeKZvecXIs3rkduSqAEN56SJ5IeOboRorZVj4uE3SSn43w3m98J root@ubuntu-xenial
-----END SSH HOST KEY KEYS-----
[   11.327558] cloud-init[1367]: Cloud-init v. 21.1-19-gbad84ad4-0ubuntu1~16.04.2 running 'modules:final' at Sun, 18 Sep 2022 03:43:55 +0000. Up 11.19 seconds.
[   11.328593] cloud-init[1367]: ci-info: no authorized SSH keys fingerprints found for user ubuntu.
[   11.329492] cloud-init[1367]: Cloud-init v. 21.1-19-gbad84ad4-0ubuntu1~16.04.2 finished at Sun, 18 Sep 2022 03:43:55 +0000. Datasource DataSourceNoCloud [seed=/dev/sdb][dsmode=net].  Up 11.32 seconds
[[0;32m  OK  [0m] Started Execute cloud user/final scripts.
[[0;32m  OK  [0m] Reached target Cloud-init target.

Ubuntu 16.04.7 LTS ubuntu-xenial ttyS0

ubuntu-xenial login: 